Determining if the pthread_create exist failed with the following output:
Change Dir: /home/niklas/catkin_ws/src/niklas_package/src/CMakeFiles/CMakeTmp

Run Build Command:/usr/bin/make "cmTryCompileExec1018420735/fast"
/usr/bin/make -f CMakeFiles/cmTryCompileExec1018420735.dir/build.make CMakeFiles/cmTryCompileExec1018420735.dir/build
make[1]: Entering directory `/home/niklas/catkin_ws/src/niklas_package/src/CMakeFiles/CMakeTmp'
/usr/bin/cmake -E cmake_progress_report /home/niklas/catkin_ws/src/niklas_package/src/CMakeFiles/CMakeTmp/CMakeFiles 1
Building C object CMakeFiles/cmTryCompileExec1018420735.dir/CheckSymbolExists.c.o
/usr/bin/cc    -o CMakeFiles/cmTryCompileExec1018420735.dir/CheckSymbolExists.c.o   -c /home/niklas/catkin_ws/src/niklas_package/src/CMakeFiles/CMakeTmp/CheckSymbolExists.c
Linking C executable cmTryCompileExec1018420735
/usr/bin/cmake -E cmake_link_script CMakeFiles/cmTryCompileExec1018420735.dir/link.txt --verbose=1
/usr/bin/cc       CMakeFiles/cmTryCompileExec1018420735.dir/CheckSymbolExists.c.o  -o cmTryCompileExec1018420735 -rdynamic 
CMakeFiles/cmTryCompileExec1018420735.dir/CheckSymbolExists.c.o: In function `main':
CheckSymbolExists.c:(.text+0x16): undefined reference to `pthread_create'
collect2: error: ld returned 1 exit status
make[1]: Leaving directory `/home/niklas/catkin_ws/src/niklas_package/src/CMakeFiles/CMakeTmp'
make[1]: *** [cmTryCompileExec1018420735] Error 1
make: *** [cmTryCompileExec1018420735/fast] Error 2

File /home/niklas/catkin_ws/src/niklas_package/src/CMakeFiles/CMakeTmp/CheckSymbolExists.c:
/* */
#include <pthread.h>

int main(int argc, char** argv)
{
  (void)argv;
#ifndef pthread_create
  return ((int*)(&pthread_create))[argc];
#else
  (void)argc;
  return 0;
#endif
}

Determining if the function pthread_create exists in the pthreads failed with the following output:
Change Dir: /home/niklas/catkin_ws/src/niklas_package/src/CMakeFiles/CMakeTmp

Run Build Command:/usr/bin/make "cmTryCompileExec3552933787/fast"
/usr/bin/make -f CMakeFiles/cmTryCompileExec3552933787.dir/build.make CMakeFiles/cmTryCompileExec3552933787.dir/build
make[1]: Entering directory `/home/niklas/catkin_ws/src/niklas_package/src/CMakeFiles/CMakeTmp'
/usr/bin/cmake -E cmake_progress_report /home/niklas/catkin_ws/src/niklas_package/src/CMakeFiles/CMakeTmp/CMakeFiles 1
Building C object CMakeFiles/cmTryCompileExec3552933787.dir/CheckFunctionExists.c.o
/usr/bin/cc   -DCHECK_FUNCTION_EXISTS=pthread_create   -o CMakeFiles/cmTryCompileExec3552933787.dir/CheckFunctionExists.c.o   -c /usr/share/cmake-2.8/Modules/CheckFunctionExists.c
Linking C executable cmTryCompileExec3552933787
/usr/bin/cmake -E cmake_link_script CMakeFiles/cmTryCompileExec3552933787.dir/link.txt --verbose=1
/usr/bin/cc   -DCHECK_FUNCTION_EXISTS=pthread_create    CMakeFiles/cmTryCompileExec3552933787.dir/CheckFunctionExists.c.o  -o cmTryCompileExec3552933787 -rdynamic -lpthreads 
/usr/bin/ld: cannot find -lpthreads
collect2: error: ld returned 1 exit status
make[1]: Leaving directory `/home/niklas/catkin_ws/src/niklas_package/src/CMakeFiles/CMakeTmp'
make[1]: *** [cmTryCompileExec3552933787] Error 1
make: *** [cmTryCompileExec3552933787/fast] Error 2


